file_list_recursive_jpg_files.out
IMG_8606 Box 2 cover COPY.jpg
IMG_8715 Annual Rpt 1935 cover.jpg
IMG_8727.jpg
IMG_8728.jpg
IMG_8729.jpg
IMG_8730.jpg
IMG_8731.jpg
IMG_8732.jpg
IMG_8737.jpg
IMG_8738.jpg
IMG_8739.jpg
IMG_8740.jpg
IMG_8741.jpg
IMG_8751.jpg
IMG_8752.jpg
IMG_8753.jpg
IMG_8754.jpg
IMG_8755.jpg
IMG_8756.jpg
IMG_8757.jpg
IMG_8758.jpg
IMG_8759.jpg
IMG_8760.jpg
IMG_8761.jpg
IMG_8762.jpg
IMG_8763.jpg
IMG_8764.jpg
IMG_8765.jpg
IMG_8766.jpg
IMG_8767.jpg
IMG_8768.jpg
IMG_8769.jpg
IMG_8770.jpg
IMG_8771.jpg
IMG_8772.jpg
IMG_8773.jpg
IMG_8774.jpg
IMG_8782.jpg
IMG_8783.jpg
IMG_8784.jpg
IMG_8785.jpg
IMG_8786.jpg
IMG_8787.jpg
IMG_8788.jpg
IMG_8789.jpg
IMG_8790.jpg
IMG_8793.jpg
IMG_8794.jpg
IMG_8799.jpg
IMG_8890.jpg
IMG_8891.jpg
IMG_8892.jpg
IMG_8893.jpg
IMG_8894.jpg
IMG_8895.jpg
IMG_8896.jpg
IMG_8901 Box 3 cover copy.jpg
IMG_8934 1936 Annual Rpt coverjpg copy.jpg
IMG_8957 Annual Rpt Extension Service 1936 Runyan  copy.jpg
IMG_8971.jpg
IMG_8972.jpg
IMG_8973.jpg
IMG_8974.jpg
IMG_8975.jpg
IMG_8976.jpg
IMG_8977.jpg
IMG_8978.jpg
IMG_8979.jpg
IMG_8980.jpg
IMG_8981.jpg
IMG_8982.jpg
IMG_8983.jpg
IMG_8987.jpg
IMG_8988.jpg
IMG_8989.jpg
IMG_8990.jpg
IMG_8991.jpg
IMG_8992.jpg
IMG_8993.jpg
IMG_8994.jpg
IMG_9003.jpg
IMG_9004.jpg
IMG_9005.jpg
IMG_9006.jpg
IMG_9007.jpg
IMG_9008.jpg
IMG_9009.jpg
IMG_9010.jpg
IMG_9011.jpg
IMG_9015.jpg
IMG_9016.jpg
IMG_9017.jpg
IMG_9018.jpg
IMG_9019.jpg
IMG_9020.jpg
IMG_9023.jpg
IMG_9024.jpg
IMG_9025.jpg
IMG_9029.jpg
IMG_9030.jpg
IMG_9031.jpg
IMG_9034.jpg
IMG_9035.jpg
IMG_9036.jpg
IMG_9037.jpg
IMG_9038.jpg
IMG_9039.jpg
IMG_9040.jpg
IMG_9061.jpg
IMG_9062.jpg
IMG_9063.jpg
IMG_9064.jpg
IMG_9065.jpg
IMG_9066.jpg
IMG_9067.jpg
IMG_9068.jpg
IMG_9069.jpg
IMG_9070.jpg
IMG_9071.jpg
IMG_9074.jpg
IMG_9075.jpg
IMG_9076.jpg
IMG_9079.jpg
IMG_9080.jpg
IMG_9081.jpg
IMG_9089.jpg
IMG_9195 Annual Rpt Extension Runyan 1937 copy.jpg
IMG_9209.jpg
IMG_9210.jpg
IMG_9211.jpg
IMG_9212.jpg
IMG_9213.jpg
IMG_9214.jpg
IMG_9215.jpg
IMG_9219.jpg
IMG_9220.jpg
IMG_9221.jpg
IMG_9222.jpg
IMG_9223.jpg
IMG_9224.jpg
IMG_9225.jpg
IMG_9226.jpg
IMG_9238.jpg
IMG_9239.jpg
IMG_9240.jpg
IMG_9241.jpg
IMG_9242.jpg
IMG_9243.jpg
IMG_9247.jpg
IMG_9248.jpg
IMG_9249.jpg
IMG_9250.jpg
IMG_9251.jpg
IMG_9252.jpg
IMG_9253.jpg
IMG_9254.jpg
IMG_9255.jpg
IMG_9260.jpg
IMG_9261.jpg
IMG_9266.jpg
IMG_9267.jpg
IMG_9268.jpg
IMG_9269.jpg
IMG_9270.jpg
IMG_9271.jpg
IMG_9285.jpg
IMG_9286.jpg
IMG_9287.jpg
IMG_9288.jpg
IMG_9289.jpg
IMG_9290.jpg
IMG_9291.jpg
IMG_9294.jpg
IMG_9297.jpg
IMG_9298.jpg
IMG_9299.jpg
IMG_9302.jpg
IMG_9305.jpg
IMG_9309.jpg
IMG_9345 Box 4 cover.jpg
IMG_9346 Annual Rpt Extension 1938.jpg
100 tepee camp.jpg
101.jpg
35.jpg
38.jpg
400 Big Horn Mtss Ytail.jpg
402 Big Horn Landscape Cattle Drive Wm T Yellowtail.jpg
404.jpg
412.jpg
447.jpg
449.jpg
456.jpg
490.jpg
491.jpg
Granny on Iron in Cottonwoods 20JPG.jpg
Young Cowgirl _ Two Young Cowboys 50 BYellowtail disc1 001 .jpg
