10/414/IMG_1978.jpg
10/414/IMG_1980.jpg
2/110/One_Young_Cowgirl__Two_YoungCowboys_BYellowtail_disc1_001_.jpg
3/392/deliveryService-1.jpg
3/392/deliveryService-2.jpg
3/394/Screen_Shot_2021-08-06_at_1.13.49_PM.png
3/401/NMAI_Ghost_Dance_Shirt_Card.jpg
3/402/00025997.700x700.jpg
3/402/024.700x700.jpg
3/403/00027269.700x700.jpg
3/403/027269.jpg
3/405/https___americanindian.si.edu_webmultimedia_10100_152_012597.700x700.jpg.jpg
3/405/https___americanindian.si.edu_webmultimedia_10102_021_012597.700x700.jpg.jpg
3/405/https___americanindian.si.edu_webmultimedia_10315_816_012597.700x700.jpg.jpg
3/405/https___americanindian.si.edu_webmultimedia_234_005_00012597.700x700.jpg.jpg
3/406/00011067.700x700.jpg
3/406/011067.jpg
3/406/T011067.700x700.jpg
3/407/009963.700x700.jpg
3/407/009963fa.700x700.jpg
3/407/009963fb.700x700.jpg
3/407/9963.jpg
4/100/IMG_8727.1.jpg
4/100/IMG_8727_Photo.jpg
4/101/IMG_8728.2.jpg
4/101/IMG_8728_qGVYC8y.jpg
4/103/IMG_8729.1.jpg
4/103/IMG_8729_RJdySIZ.jpg
4/104/IMG_8730.1.jpg
4/104/IMG_8730_cGRksGD.jpg
4/105/IMG_8731.1.jpg
4/105/IMG_8731_F6z7yT3.jpg
4/106/IMG_8732.1.jpg
4/106/IMG_8732_cAVz7Ug.jpg
4/107/IMG_8737.2.jpg
4/107/IMG_8737_nfrVgV6.jpg
4/108/IMG_8738.1.jpg
4/108/IMG_8738_58hybQ8.jpg
4/151/IMG_8739.1.jpeg
4/151/IMG_8739.jpeg
4/153/IMG_8741.1.jpeg
4/153/IMG_8741_mSyDlBA.jpg
4/154/IMG_8751.1.jpg
4/154/IMG_8751_snhmAMr.jpg
4/155/IMG_8752.1.jpg
4/155/IMG_8752_7L54X8D.jpg
4/156/IMG_8753.jpg
4/157/8754-1.jpg
4/157/8754-2.jpg
4/157/IMG_8754.jpg
4/159/IMG_8756.jpg
4/170/IMG_8760.jpg
4/173/IMG_8765.1.jpg
4/173/IMG_8765_eN1SezW.jpg
4/174/IMG_8766.1.jpg
4/174/IMG_8766_ir50TPk.jpg
4/175/IMG_8767_1.jpg
4/175/IMG_8767_RAbTvmt.jpg
4/176/IMG_8768.1.jpeg
4/176/IMG_8768_Kcwu7As.jpg
4/178/IMG_8773.jpg
4/183/CIVAM-8786.1_2.jpg
4/183/CIVAM-8786.1.jpg
4/183/IMG_8786.jpg
4/184/IMG_8784.1.jpg
4/184/IMG_8784_NFpWNtR.jpg
4/187/IMG_8790.2.jpg
4/187/IMG_8790_y1TazjA.jpg
4/190/IMG_8794.jpg
4/199/IMG_8782.2.jpeg
4/199/IMG_8782.jpg
4/200/IMG_8772.jpg
4/200/indian_photo_8772.1.jpg
4/202/IMG_8772.2_CIVAM.jpg
4/202/IMG_8772.jpg
4/204/IMG_8793.1.jpg
4/204/IMG_8793.jpg
4/205/IMG_8793.2.jpg
4/205/IMG_8793.jpg
4/210/8785.2.jpg
4/210/IMG_8785.jpg
4/211/8785.1.jpg
4/215/IMG_8762.1.jpeg
4/215/IMG_8762.jpg
4/217/IMG_8755.2.jpeg
4/217/IMG_8755.jpg
4/218/IMG_8755.1.jpg
4/218/IMG_8755.jpg
4/219/A_Parade_Every_Day_of_the_Fair.jpeg
4/219/IMG_8782.jpg
4/220/CIVAM-8786.2_2.jpg
4/220/IMG_8786.jpg
4/224/IMG_8759_close_up.jpg
4/225/8740.1.png
4/225/IMG_8740.jpg
4/227/BED43557-B869-4DD5-87A2-B27CAAC5704A.jpeg
4/227/IMG_8762.jpg
4/229/IMG_8761.1.jpg
4/229/IMG_8761_uafMElE.jpg
4/231/8740.2.png
4/231/IMG_8740.jpg
4/235/IMG_8789.2.jpg
4/235/IMG_8789_K4m6PWQ.jpg
4/239/IMG_8799_close-up.jpg
4/243/IMG_8731_1nv9foG.jpg
4/243/IMG_8731.2.jpg
4/244/IMG_8727.2.jpg
4/244/IMG_8727_Photo.jpg
4/245/IMG_8737.1.jpg
4/245/IMG_8737.jpg
4/246/IMG_8730.2.jpg
4/246/IMG_8730.jpg
4/247/IMG_8789.1.jpg
4/247/IMG_8789.jpg
4/248/IMG_8728.1.jpg
4/248/IMG_8728.jpg
4/249/IMG_8790.1.jpg
4/249/IMG_8790.jpg
4/250/IMG_8761.2.jpg
4/250/IMG_8761.jpg
4/251/IMG_8754.2.jpg
4/251/IMG_8754.jpg
4/252/IMG_8751.2.jpg
4/252/IMG_8751.jpg
4/253/IMG_8766.2.jpg
4/253/IMG_8766.jpg
4/254/IMG_8729.2.jpg
4/254/IMG_8729.jpg
4/255/IMG_8738.2.jpg
4/255/IMG_8738.jpg
4/256/IMG_8732.2.jpg
4/256/IMG_8732.jpg
4/257/IMG_8784.2.jpg
4/257/IMG_8784.jpg
4/258/IMG_8752.2.jpg
4/258/IMG_8752.jpg
4/259/IMG_8767_2.jpg
4/259/IMG_8767.jpg
4/260/IMG_8741.2.jpeg
4/260/IMG_8741.jpg
4/261/IMG_8768.2.jpeg
4/261/IMG_8768_qaZuJZL.jpg
4/262/IMG_8765.2.jpg
4/262/IMG_8765_H11bNMO.jpg
4/263/IMG_8739.2_jpeg.jpeg
4/263/IMG_8739.jpeg
4/264/IMG_8971.1.jpg
4/264/IMG_8971.jpg
4/265/IMG_8973.1.jpg
4/265/IMG_8973.jpg
4/266/IMG_8975.1.jpg
4/266/IMG_8975.jpg
4/267/IMG_8977.1.jpg
4/267/IMG_8977.jpg
4/268/IMG_8979.1.jpg
4/268/IMG_8979.jpg
4/269/IMG_8980.1.jpg
4/269/IMG_8980.jpg
4/270/IMG_8981.1.png
4/271/IMG_8982.1.jpg
4/271/IMG_8982.jpg
4/272/IMG_8987.1.jpg
4/272/IMG_8987.jpg
4/273/IMG_8989.1.jpg
4/273/IMG_8989.jpg
4/275/IMG_8991_1.jpg
4/275/IMG_8991.jpg
4/276/IMG_8992.1.jpg
4/276/IMG_8992.jpg
4/278/IMG_9003.jpg
4/279/IMG_9005.1.jpg
4/279/IMG_9005.jpg
4/280/IMG_9007.1.jpg
4/280/IMG_9007.jpg
4/281/IMG_9009.1.jpg
4/281/IMG_9009.jpg
4/282/IMG_9010.1.jpg
4/282/IMG_9010.jpg
4/283/IMG_9011.1.jpg
4/283/IMG_9011.jpg
4/284/IMG_9015.1.jpg
4/284/IMG_9015.jpg
4/287/IMG_9018.1.jpg
4/287/IMG_9018.jpg
4/288/IMG_9019.1.jpg
4/288/IMG_9019.jpg
4/289/IMG_9020.1.jpg
4/289/IMG_9020.jpg
4/290/IMG_9023.1.jpg
4/290/IMG_9023.jpg
4/291/IMG_9024.1.jpg
4/291/IMG_9024.jpg
4/292/IMG_9025.1.jpg
4/292/IMG_9025.jpg
4/293/IMG_9029.1.jpg
4/293/IMG_9029.jpg
4/294/IMG_9030.jpg
4/295/IMG_9034.1.png
4/295/IMG_9034.jpg
4/296/IMG_9035.1.png
4/296/IMG_9035.jpg
4/297/IMG_9036.1.jpg
4/297/IMG_9036.jpg
4/298/IMG_9038.1.jpg
4/298/IMG_9038.jpg
4/299/IMG_9039.1.jpg
4/299/IMG_9039.jpg
4/300/IMG_9040.1.jpg
4/300/IMG_9040.jpg
4/301/IMG_9061.1.jpg
4/301/IMG_9061.jpg
4/302/IMG_9063.1.jpg
4/302/IMG_9063.jpg
4/303/IMG_9064.1.jpg
4/303/IMG_9064.jpg
4/304/IMG_9065.1.jpg
4/304/IMG_9065.jpg
4/305/9066.1.jpeg
4/305/IMG_9066.jpg
4/306/IMG_9067.1.jpg
4/306/IMG_9067.jpg
4/307/IMG_9069.1.jpg
4/307/IMG_9069.jpg
4/308/IMG_9071.1.jpg
4/308/IMG_9071.jpg
4/309/IMG_9074.1.jpg
4/309/IMG_9074.jpg
4/310/IMG_9075.1.jpg
4/310/IMG_9075.jpg
4/311/IMG_9076.1.jpg
4/311/IMG_9076.jpg
4/312/IMG_9079.1.jpg
4/312/IMG_9079.jpg
4/313/IMG_9080.1.jpg
4/313/IMG_9080.jpg
4/314/IMG_9081.1.jpg
4/314/IMG_9081.jpg
4/315/IMG_9089.1.jpg
4/315/IMG_9089.jpg
4/316/IMG_9089.2.jpg
4/316/IMG_9089.jpg
4/317/IMG_9080.2.jpg
4/317/IMG_9080.jpg
4/318/IMG_9079.2.jpg
4/318/IMG_9079.jpg
4/319/IMG_9076.2.jpg
4/319/IMG_9076.jpg
4/320/IMG_9075.2.jpg
4/320/IMG_9075.jpg
4/321/IMG_9074.2.jpg
4/321/IMG_9074.jpg
4/322/IMG_9071.2.jpg
4/322/IMG_9071.jpg
4/323/IMG_9069.2.jpg
4/323/IMG_9069.jpg
4/324/IMG_9067.2.jpg
4/324/IMG_9067.jpg
4/325/IMG_8973.2.jpg
4/325/IMG_8973.jpg
4/326/IMG_9081.2.jpg
4/326/IMG_9081.jpg
4/327/IMG_9081.3.jpg
4/327/IMG_9081.jpg
4/328/IMG_9065.2.jpg
4/328/IMG_9065.jpg
4/329/IMG_9064.2.jpg
4/329/IMG_9064.jpg
4/330/9066.2.jpeg
4/330/IMG_9066.jpg
4/331/IMG_9063.2.jpg
4/331/IMG_9063.jpg
4/332/IMG_8971.2.jpg
4/332/IMG_8971.jpg
4/333/IMG_8975.2.jpg
4/333/IMG_8975.jpg
4/334/IMG_8977.2.jpg
4/334/IMG_8977.jpg
4/335/IMG_9061.2.jpg
4/335/IMG_9061.jpg
4/336/IMG_8979.2.jpg
4/336/IMG_8979.jpg
4/337/IMG_9040.2.jpg
4/337/IMG_9040.jpg
4/338/IMG_9039.2.jpg
4/338/IMG_9039.jpg
4/339/IMG_9038.2.jpg
4/339/IMG_9038.jpg
4/340/IMG_9036.2.jpg
4/340/IMG_9036.jpg
4/341/IMG_9029.2.jpg
4/341/IMG_9029.jpg
4/342/IMG_8980.2.jpg
4/342/IMG_8980.jpg
4/345/IMG_9035.2.jpg
4/345/IMG_9035.jpg
4/346/IMG_9034.2.jpg
4/346/IMG_9034.jpg
4/347/IMG_9025.2.jpg
4/347/IMG_9025.jpg
4/348/IMG_9024.2.jpg
4/348/IMG_9024.jpg
4/349/IMG_9023.2.jpg
4/349/IMG_9023.jpg
4/356/IMG_8982.2.jpg
4/356/IMG_8982.jpg
4/382/IMG_9015.2.jpg
4/382/IMG_9015.jpg
4/383/IMG_8987.2.jpg
4/383/IMG_8987.jpg
4/384/IMG_9005.2.jpg
4/384/IMG_9005.jpg
4/385/IMG_9010.2.jpg
4/385/IMG_9010.jpg
4/386/IMG_9007.2.jpg
4/386/IMG_9007.jpg
4/389/IMG_9009.2.jpg
4/389/IMG_9009.jpg
4/390/IMG_9009.2.jpg
4/390/IMG_9009.jpg
4/391/IMG_8989.2.jpg
4/391/IMG_8989.jpg
4/408/IMG_9020.2.jpg
4/408/IMG_9020.jpg
4/409/IMG_9019.2.jpg
4/409/IMG_9019.jpg
4/410/IMG_9018.2.jpg
4/410/IMG_9018.jpg
4/411/IMG_8991_2.jpg
4/411/IMG_8991.jpg
4/415/IMG_8993.1jpg.jpg
4/415/IMG_8993.jpg
4/416/IMG_8993.2jpg.jpg
4/416/IMG_8993.jpg
4/417/IMG_8753_1.jpg
4/417/IMG_8753.jpg
4/418/IMG_8753_2.jpg
4/418/IMG_8753.jpg
4/419/IMG_8990.2.jpg
4/419/IMG_8990.jpg
4/420/IMG_8990.1.jpg
4/420/IMG_8990.jpg
4/421/IMG_8773.1.jpg
4/421/IMG_8773.jpg
4/422/IMG_8773.2.jpg
4/422/IMG_8773.jpg
4/423/IMG_8992.2.jpg
4/423/IMG_8992.jpg
4/424/IMG_9011.2.jpg
4/424/IMG_9011.jpg
4/65/9302.1_Blacklodge_Farm_Chapter.jpg
4/65/9302.2_Blacklodge_Farm_Chapter.jpg
background_images/explore/210406_cradle_board.png
background_images/explore/Beadwork_Explore_image.png
background_images/explore/Game_Explore_image.png
background_images/explore/Reservation_hats_Explore_image.png
cover_images/articles/150px-Canadian_Museum_of_History_Logo.svg.png
cover_images/articles/about_ubc-1920x700.jpg
cover_images/articles/Bata_Shoe_Museum_2.jpg
cover_images/articles/Chadron_state_college_photo.jpg
cover_images/articles/Front_Banner.jpg
cover_images/articles/kevin-red-starJul2941.jpeg
cover_images/articles/kevin-red-star-sorrel-sky-gallery-santa-fe-art-gallery-santa-fe-ar_jMSnM7h.jpg
cover_images/articles/redstar_fullgallery_colin.jpg
cover_images/items/8740.2.png
cover_images/items/8782.2LETS_EAT.jpeg
cover_images/items/8785.1_neDwmCr.jpg
cover_images/items/8785.2_chfPBxX.jpg
cover_images/items/9066.1.jpeg
cover_images/items/9066.2.jpeg
cover_images/items/96.jpeg
cover_images/items/A_Parade_Every_Day_of_the_Fair.jpeg
cover_images/items/Culturally_Sensitive_Item_Blank.jpg
cover_images/items/E7B3156E-C629-4C01-B88B-9E4FD092EB48.jpeg
cover_images/items/IMG_8727.2.jpg
cover_images/items/IMG_8728.1.jpg
cover_images/items/IMG_8728.2.jpg
cover_images/items/IMG_8729.1.jpg
cover_images/items/IMG_8729.2.jpg
cover_images/items/IMG_8730.1.jpg
cover_images/items/IMG_8730.2.jpg
cover_images/items/IMG_8731.1.jpg
cover_images/items/IMG_8731.2.jpg
cover_images/items/IMG_8732.1.jpg
cover_images/items/IMG_8732.2.jpg
cover_images/items/IMG_8737.1.jpg
cover_images/items/IMG_8737.2_AOGJyt2.jpg
cover_images/items/IMG_8738.1.jpg
cover_images/items/IMG_8738.2.jpg
cover_images/items/IMG_8739.1.jpeg
cover_images/items/IMG_8739.2_jpeg.jpeg
cover_images/items/IMG_8740.1.png
cover_images/items/IMG_8741.1.jpeg
cover_images/items/IMG_8741.2.jpeg
cover_images/items/IMG_8751.1_oscNOkR.jpg
cover_images/items/IMG_8751.2.jpg
cover_images/items/IMG_8752.1.jpg
cover_images/items/IMG_8752.2.jpg
cover_images/items/IMG_8753_1.jpg
cover_images/items/IMG_8753_2.jpg
cover_images/items/IMG_8753.jpg
cover_images/items/IMG_8754.2.jpg
cover_images/items/IMG_8754.jpg
cover_images/items/IMG_8755.1.jpg
cover_images/items/IMG_8755_Garden.jpg
cover_images/items/IMG_8756.jpg
cover_images/items/IMG_8759_close_up.jpg
cover_images/items/IMG_8760.jpg
cover_images/items/IMG_8761.1.jpg
cover_images/items/IMG_8761.2.jpg
cover_images/items/IMG_8762.1.jpeg
cover_images/items/IMG_8765.1.jpg
cover_images/items/IMG_8765.2.jpg
cover_images/items/IMG_8766.1.jpg
cover_images/items/IMG_8766.2.jpg
cover_images/items/IMG_8767_1.jpg
cover_images/items/IMG_8767_2.jpg
cover_images/items/IMG_8768.1.jpeg
cover_images/items/IMG_8768.2.jpeg
cover_images/items/IMG_8773.1.jpg
cover_images/items/IMG_8773.2.jpg
cover_images/items/IMG_8773.jpg
cover_images/items/IMG_8784.1.jpg
cover_images/items/IMG_8784.2.jpg
cover_images/items/IMG_8786.jpg
cover_images/items/IMG_8786_x3D2VXW.jpg
cover_images/items/IMG_8789.1.jpg
cover_images/items/IMG_8789.2.jpg
cover_images/items/IMG_8790.1.jpg
cover_images/items/IMG_8790.2.jpg
cover_images/items/IMG_8793.1.jpg
cover_images/items/IMG_8793.2.jpg
cover_images/items/IMG_8794_CnwGPCW.jpg
cover_images/items/IMG_8799_close-up.jpg
cover_images/items/IMG_8971.1.jpg
cover_images/items/IMG_8971.2.jpg
cover_images/items/IMG_8973.1.jpg
cover_images/items/IMG_8973.2.jpg
cover_images/items/IMG_8975.1.jpg
cover_images/items/IMG_8975.2.jpg
cover_images/items/IMG_8977.1.jpg
cover_images/items/IMG_8977.2.jpg
cover_images/items/IMG_8979.1.jpg
cover_images/items/IMG_8979.2.jpg
cover_images/items/IMG_8980.1.jpg
cover_images/items/IMG_8980.2.jpg
cover_images/items/IMG_8981.jpg
cover_images/items/IMG_8982.1.jpg
cover_images/items/IMG_8982.2.jpg
cover_images/items/IMG_8987.1.jpg
cover_images/items/IMG_8987.2.jpg
cover_images/items/IMG_8989.1.jpg
cover_images/items/IMG_8989.2.jpg
cover_images/items/IMG_8990.2.jpg
cover_images/items/IMG_8990.jpg
cover_images/items/IMG_8991_1.jpg
cover_images/items/IMG_8991_2.jpg
cover_images/items/IMG_8992.1.jpg
cover_images/items/IMG_8992.2.jpg
cover_images/items/IMG_8993.1jpg.jpg
cover_images/items/IMG_8993.jpg
cover_images/items/IMG_9003.jpg
cover_images/items/IMG_9005.1.jpg
cover_images/items/IMG_9005.2.jpg
cover_images/items/IMG_9007.1.jpg
cover_images/items/IMG_9007.2.jpg
cover_images/items/IMG_9009.1.jpg
cover_images/items/IMG_9009.2_3ee2shx.jpg
cover_images/items/IMG_9009.2_k9T337j.jpg
cover_images/items/IMG_9010.1.jpg
cover_images/items/IMG_9010.2.jpg
cover_images/items/IMG_9011.1.jpg
cover_images/items/IMG_9011.2.jpg
cover_images/items/IMG_9015.1.jpg
cover_images/items/IMG_9015.2.jpg
cover_images/items/IMG_9016.jpg
cover_images/items/IMG_9017.jpg
cover_images/items/IMG_9018.1.jpg
cover_images/items/IMG_9018.2.jpg
cover_images/items/IMG_9019.2.jpg
cover_images/items/IMG_9019.jpg
cover_images/items/IMG_9020.1.jpg
cover_images/items/IMG_9020.2.jpg
cover_images/items/IMG_9023.1.jpg
cover_images/items/IMG_9023.2.jpg
cover_images/items/IMG_9024.1.jpg
cover_images/items/IMG_9024.2.jpg
cover_images/items/IMG_9025.1.jpg
cover_images/items/IMG_9025.2.jpg
cover_images/items/IMG_9029.1.jpg
cover_images/items/IMG_9029.2.jpg
cover_images/items/IMG_9030.jpg
cover_images/items/IMG_9034.1.png
cover_images/items/IMG_9034.2.jpg
cover_images/items/IMG_9035.1.png
cover_images/items/IMG_9035.2.jpg
cover_images/items/IMG_9036.1.jpg
cover_images/items/IMG_9036.2.jpg
cover_images/items/IMG_9038.1.jpg
cover_images/items/IMG_9038.2.jpg
cover_images/items/IMG_9039.1.jpg
cover_images/items/IMG_9039.2.jpg
cover_images/items/IMG_9040.1.jpg
cover_images/items/IMG_9040.2.jpg
cover_images/items/IMG_9061.1.jpg
cover_images/items/IMG_9061.2.jpg
cover_images/items/IMG_9063.1.jpg
cover_images/items/IMG_9063.2.jpg
cover_images/items/IMG_9064.1.jpg
cover_images/items/IMG_9064.2.jpg
cover_images/items/IMG_9065.1.jpg
cover_images/items/IMG_9065.2.jpg
cover_images/items/IMG_9067.1.jpg
cover_images/items/IMG_9067.2.jpg
cover_images/items/IMG_9069.1.jpg
cover_images/items/IMG_9069.2.jpg
cover_images/items/IMG_9071.1.jpg
cover_images/items/IMG_9071.2.jpg
cover_images/items/IMG_9074.1.jpg
cover_images/items/IMG_9074.2.jpg
cover_images/items/IMG_9075.1.jpg
cover_images/items/IMG_9075.2.jpg
cover_images/items/IMG_9076.1.jpg
cover_images/items/IMG_9076.2.jpg
cover_images/items/IMG_9079.1.jpg
cover_images/items/IMG_9079.2.jpg
cover_images/items/IMG_9080.1.jpg
cover_images/items/IMG_9080.2.jpg
cover_images/items/IMG_9081.1.jpg
cover_images/items/IMG_9081.2.jpg
cover_images/items/IMG_9081.3.jpg
cover_images/items/IMG_9089.1.jpg
cover_images/items/IMG_9089.2.jpg
cover_images/items/indian_photo_8772.2_l0tmQ6x.jpg
cover_images/items/indian_photo_8772.jpg
cover_images/items/NMAI_Tape_12_beaded_bags_122551.png
cover_images/items/NMAI_Tape_12_cradle_board_140822.png
cover_images/items/Screenshot_100.png
cover_images/items/Screenshot_102.png
cover_images/items/Screenshot_104.png
cover_images/items/Screenshot_106.png
cover_images/items/Screenshot_108.png
cover_images/items/Screenshot_10.png
cover_images/items/Screenshot_110.png
cover_images/items/Screenshot_112.png
cover_images/items/Screenshot_114.png
cover_images/items/Screenshot_116.png
cover_images/items/Screenshot_118.png
cover_images/items/Screenshot_120.png
cover_images/items/Screenshot_122.png
cover_images/items/Screenshot_12.png
cover_images/items/Screenshot_14.png
cover_images/items/Screenshot_16.png
cover_images/items/Screenshot_18.png
cover_images/items/Screen_Shot_2021-05-17_at_1.04.28_PM.png
cover_images/items/Screen_Shot_2021-07-02_at_2.03.06_PM.png
cover_images/items/Screen_Shot_2021-07-02_at_2.15.54_PM.png
cover_images/items/Screen_Shot_2021-07-02_at_2.27.20_PM.png
cover_images/items/Screen_Shot_2021-07-02_at_2.35.00_PM.png
cover_images/items/Screen_Shot_2021-07-02_at_2.43.57_PM.png
cover_images/items/Screen_Shot_2021-07-02_at_3.30.43_PM.png
cover_images/items/Screen_Shot_2021-07-26_at_10.47.47_PM.png
cover_images/items/Screen_Shot_2021-07-26_at_11.07.42_PM.png
cover_images/items/Screenshot_20.png
cover_images/items/Screenshot_22.png
cover_images/items/Screenshot_24.png
cover_images/items/Screenshot_26.png
cover_images/items/Screenshot_28.png
cover_images/items/Screenshot_30.png
cover_images/items/Screenshot_32.png
cover_images/items/Screenshot_34.png
cover_images/items/Screenshot_36.png
cover_images/items/Screenshot_38.png
cover_images/items/Screenshot_40.png
cover_images/items/Screenshot_42.png
cover_images/items/Screenshot_44.png
cover_images/items/Screenshot_46.png
cover_images/items/Screenshot_48.png
cover_images/items/Screenshot_50.png
cover_images/items/Screenshot_52.png
cover_images/items/Screenshot_54.png
cover_images/items/Screenshot_6.png
cover_images/items/Screenshot_8.png
cover_images/items/Screenshot_92.png
cover_images/items/Screenshot_94.png
cover_images/items/Screenshot_96.png
cover_images/items/Screenshot_98.png
cover_images/items/Small_Section_of_the_song.png
cover_images/items/Young_Cowgirl__Two_Young_Cowboys_BYellowtail_disc1_001_.jpg
